<?xml version="1.0" encoding="UTF-8"?>
<testsuite xmlns:xsi="http://www.w3.org/2001/XMLSchema-instance" xsi:noNamespaceSchemaLocation="https://maven.apache.org/surefire/maven-surefire-plugin/xsd/surefire-test-report.xsd" version="3.0.2" name="domain.SimpleSumStrategyTest" time="0.109" tests="3" errors="0" skipped="0" failures="0">
  <properties>
[...]
</properties>
  <testcase name="testCalculateImpact" classname="domain.SimpleSumStrategyTest" time="0.052"/>
  <testcase name="testOneMaterial" classname="domain.SimpleSumStrategyTest" time="0.003"/>
  <testcase name="testEmptyProduct" classname="domain.SimpleSumStrategyTest" time="0.004"/>
</testsuite>